mode: atomic
pokedex-clone/pkg/pokemon/service.go:27.108,33.2 1 9
pokedex-clone/pkg/pokemon/service.go:35.39,37.46 2 3
pokedex-clone/pkg/pokemon/service.go:41.2,43.54 2 2
pokedex-clone/pkg/pokemon/service.go:48.2,49.16 2 2
pokedex-clone/pkg/pokemon/service.go:53.2,62.68 3 2
pokedex-clone/pkg/pokemon/service.go:66.2,66.32 1 1
pokedex-clone/pkg/pokemon/service.go:37.46,40.3 2 1
pokedex-clone/pkg/pokemon/service.go:43.54,46.3 2 0
pokedex-clone/pkg/pokemon/service.go:49.16,51.3 1 1
pokedex-clone/pkg/pokemon/service.go:62.68,64.3 1 0
pokedex-clone/pkg/pokemon/service.go:69.49,71.46 2 6
pokedex-clone/pkg/pokemon/service.go:75.2,79.16 3 6
pokedex-clone/pkg/pokemon/service.go:84.2,85.37 2 6
pokedex-clone/pkg/pokemon/service.go:95.2,96.67 2 4
pokedex-clone/pkg/pokemon/service.go:104.2,104.89 1 4
pokedex-clone/pkg/pokemon/service.go:109.2,110.47 2 4
pokedex-clone/pkg/pokemon/service.go:114.2,121.86 2 4
pokedex-clone/pkg/pokemon/service.go:125.2,125.26 1 4
pokedex-clone/pkg/pokemon/service.go:71.46,74.3 2 0
pokedex-clone/pkg/pokemon/service.go:79.16,81.3 1 0
pokedex-clone/pkg/pokemon/service.go:85.37,93.3 2 2
pokedex-clone/pkg/pokemon/service.go:96.67,99.3 1 3
pokedex-clone/pkg/pokemon/service.go:99.8,102.3 1 1
pokedex-clone/pkg/pokemon/service.go:104.89,107.3 2 0
pokedex-clone/pkg/pokemon/service.go:110.47,112.3 1 3
pokedex-clone/pkg/pokemon/service.go:121.86,123.3 1 0
pokedex-clone/pkg/pokemon/service.go:128.75,129.22 1 7
pokedex-clone/pkg/pokemon/service.go:139.2,139.15 1 0
pokedex-clone/pkg/pokemon/service.go:129.22,130.33 1 7
pokedex-clone/pkg/pokemon/service.go:136.3,136.57 1 2
pokedex-clone/pkg/pokemon/service.go:130.33,131.46 1 7
pokedex-clone/pkg/pokemon/service.go:131.46,133.5 1 5
